2023-09-14 16:14:56,219 INFO org.hibernate.validator.internal.util.Version [background-preinit] HV000001: Hibernate Validator 8.0.0.Final
2023-09-14 16:15:00,847 INFO org.springframework.cloud.config.client.ConfigServicePropertySourceLocator [main] Fetching config from server at : http://localhost:8888
2023-09-14 16:15:01,948 INFO org.springframework.cloud.config.client.ConfigServicePropertySourceLocator [main] Located environment: name=orderEntity-service, profiles=[default], label=null, version=373b054c5ad766d3c30a6782815e9d18e38e25d7, state=null
2023-09-14 16:15:01,950 INFO org.springframework.cloud.bootstrap.config.PropertySourceBootstrapConfiguration [main] Located property source: [BootstrapPropertySource {name='bootstrapProperties-configClient'}]
2023-09-14 16:15:01,965 INFO org.springframework.boot.SpringApplication [main] The following 1 profile is active: "dev"
2023-09-14 16:15:01,986 INFO org.springframework.boot.logging.DeferredLog [main] Fetching config from server at : http://localhost:8888
2023-09-14 16:15:01,986 INFO org.springframework.boot.logging.DeferredLog [main] Located environment: name=orderEntity-service, profiles=[dev], label=null, version=373b054c5ad766d3c30a6782815e9d18e38e25d7, state=null
2023-09-14 16:15:02,921 INFO org.springframework.cloud.context.scope.GenericScope [main] BeanFactory id=0eabbee7-80cc-3c28-9cab-29ce69bce084
2023-09-14 16:15:03,369 INFO org.springframework.boot.web.embedded.tomcat.TomcatWebServer [main] Tomcat initialized with port(s): 9999 (http)
2023-09-14 16:15:03,381 INFO org.apache.juli.logging.DirectJDKLog [main] Initializing ProtocolHandler ["http-nio-9999"]
2023-09-14 16:15:03,384 INFO org.apache.juli.logging.DirectJDKLog [main] Starting service [Tomcat]
2023-09-14 16:15:03,385 INFO org.apache.juli.logging.DirectJDKLog [main] Starting Servlet engine: [Apache Tomcat/10.1.10]
2023-09-14 16:15:03,523 INFO org.apache.juli.logging.DirectJDKLog [main] Initializing Spring embedded WebApplicationContext
2023-09-14 16:15:03,525 INFO org.springframework.boot.web.servlet.context.ServletWebServerApplicationContext [main] Root WebApplicationContext: initialization completed in 1537 ms
2023-09-14 16:15:14,529 INFO org.springframework.boot.web.embedded.tomcat.TomcatWebServer [main] Tomcat started on port(s): 9999 (http) with context path ''
2023-09-14 16:15:14,747 INFO org.springframework.boot.StartupInfoLogger [main] Started StartApplication in 19.751 seconds (process running for 20.449)
2023-09-14 17:01:41,933 INFO org.hibernate.validator.internal.util.Version [background-preinit] HV000001: Hibernate Validator 8.0.0.Final
2023-09-14 17:01:44,175 INFO org.springframework.cloud.config.client.ConfigServicePropertySourceLocator [main] Fetching config from server at : http://localhost:8888
2023-09-14 17:01:45,005 INFO org.springframework.cloud.config.client.ConfigServicePropertySourceLocator [main] Located environment: name=orderEntity-service, profiles=[default], label=null, version=373b054c5ad766d3c30a6782815e9d18e38e25d7, state=null
2023-09-14 17:01:45,007 INFO org.springframework.cloud.bootstrap.config.PropertySourceBootstrapConfiguration [main] Located property source: [BootstrapPropertySource {name='bootstrapProperties-configClient'}]
2023-09-14 17:01:45,020 INFO org.springframework.boot.SpringApplication [main] The following 1 profile is active: "dev"
2023-09-14 17:01:45,043 INFO org.springframework.boot.logging.DeferredLog [main] Fetching config from server at : http://localhost:8888
2023-09-14 17:01:45,044 INFO org.springframework.boot.logging.DeferredLog [main] Located environment: name=orderEntity-service, profiles=[dev], label=null, version=373b054c5ad766d3c30a6782815e9d18e38e25d7, state=null
2023-09-14 17:01:45,836 INFO org.springframework.cloud.context.scope.GenericScope [main] BeanFactory id=0eabbee7-80cc-3c28-9cab-29ce69bce084
2023-09-14 17:01:46,265 INFO org.springframework.boot.web.embedded.tomcat.TomcatWebServer [main] Tomcat initialized with port(s): 9999 (http)
2023-09-14 17:01:46,275 INFO org.apache.juli.logging.DirectJDKLog [main] Initializing ProtocolHandler ["http-nio-9999"]
2023-09-14 17:01:46,280 INFO org.apache.juli.logging.DirectJDKLog [main] Starting service [Tomcat]
2023-09-14 17:01:46,280 INFO org.apache.juli.logging.DirectJDKLog [main] Starting Servlet engine: [Apache Tomcat/10.1.10]
2023-09-14 17:01:46,419 INFO org.apache.juli.logging.DirectJDKLog [main] Initializing Spring embedded WebApplicationContext
2023-09-14 17:01:46,421 INFO org.springframework.boot.web.servlet.context.ServletWebServerApplicationContext [main] Root WebApplicationContext: initialization completed in 1376 ms
2023-09-14 17:01:47,422 INFO org.apache.juli.logging.DirectJDKLog [main] Starting ProtocolHandler ["http-nio-9999"]
2023-09-14 17:01:47,453 INFO org.springframework.boot.web.embedded.tomcat.TomcatWebServer [main] Tomcat started on port(s): 9999 (http) with context path ''
2023-09-14 17:01:47,666 INFO org.springframework.boot.StartupInfoLogger [main] Started StartApplication in 6.719 seconds (process running for 7.299)
2023-09-14 17:02:21,545 INFO org.apache.juli.logging.DirectJDKLog [http-nio-9999-exec-2] Initializing Spring DispatcherServlet 'dispatcherServlet'
2023-09-14 17:02:21,546 INFO org.springframework.web.servlet.FrameworkServlet [http-nio-9999-exec-2] Initializing Servlet 'dispatcherServlet'
2023-09-14 17:02:21,547 INFO org.springframework.web.servlet.FrameworkServlet [http-nio-9999-exec-2] Completed initialization in 1 ms
2023-09-14 17:02:21,739 INFO com.melitaltd.services.OrderService [http-nio-9999-exec-2] Sending message: Order(traceId=25cfd481-1ced-453f-8ef5-24123f224993)
2023-09-14 17:02:21,769 INFO org.springframework.amqp.rabbit.connection.AbstractConnectionFactory [http-nio-9999-exec-2] Attempting to connect to: [localhost:5672]
2023-09-14 17:02:21,833 INFO org.springframework.amqp.rabbit.connection.AbstractConnectionFactory [http-nio-9999-exec-2] Created new connection: rabbitConnectionFactory#4d93f75b:0/SimpleConnection@3c94c062 [delegate=amqp://guest@127.0.0.1:5672/, localPort=55814]
2023-09-14 17:02:39,849 INFO com.melitaltd.services.OrderService [http-nio-9999-exec-5] Sending message: Order(traceId=35ff1e22-b3fa-4c34-8f10-c000f157f841)
2023-09-14 17:03:52,182 INFO org.hibernate.validator.internal.util.Version [background-preinit] HV000001: Hibernate Validator 8.0.0.Final
2023-09-14 17:03:54,119 INFO org.springframework.cloud.config.client.ConfigServicePropertySourceLocator [main] Fetching config from server at : http://localhost:8888
2023-09-14 17:03:54,874 INFO org.springframework.cloud.config.client.ConfigServicePropertySourceLocator [main] Located environment: name=orderEntity-service, profiles=[default], label=null, version=373b054c5ad766d3c30a6782815e9d18e38e25d7, state=null
2023-09-14 17:03:54,875 INFO org.springframework.cloud.bootstrap.config.PropertySourceBootstrapConfiguration [main] Located property source: [BootstrapPropertySource {name='bootstrapProperties-configClient'}]
2023-09-14 17:03:54,890 INFO org.springframework.boot.SpringApplication [main] The following 1 profile is active: "dev"
2023-09-14 17:03:54,912 INFO org.springframework.boot.logging.DeferredLog [main] Fetching config from server at : http://localhost:8888
2023-09-14 17:03:54,913 INFO org.springframework.boot.logging.DeferredLog [main] Located environment: name=orderEntity-service, profiles=[dev], label=null, version=373b054c5ad766d3c30a6782815e9d18e38e25d7, state=null
2023-09-14 17:03:55,720 INFO org.springframework.cloud.context.scope.GenericScope [main] BeanFactory id=0eabbee7-80cc-3c28-9cab-29ce69bce084
2023-09-14 17:03:56,130 INFO org.springframework.boot.web.embedded.tomcat.TomcatWebServer [main] Tomcat initialized with port(s): 9999 (http)
2023-09-14 17:03:56,138 INFO org.apache.juli.logging.DirectJDKLog [main] Initializing ProtocolHandler ["http-nio-9999"]
2023-09-14 17:03:56,141 INFO org.apache.juli.logging.DirectJDKLog [main] Starting service [Tomcat]
2023-09-14 17:03:56,142 INFO org.apache.juli.logging.DirectJDKLog [main] Starting Servlet engine: [Apache Tomcat/10.1.10]
2023-09-14 17:03:56,274 INFO org.apache.juli.logging.DirectJDKLog [main] Initializing Spring embedded WebApplicationContext
2023-09-14 17:03:56,275 INFO org.springframework.boot.web.servlet.context.ServletWebServerApplicationContext [main] Root WebApplicationContext: initialization completed in 1360 ms
2023-09-14 17:03:57,320 INFO org.apache.juli.logging.DirectJDKLog [main] Starting ProtocolHandler ["http-nio-9999"]
2023-09-14 17:03:57,349 INFO org.springframework.boot.web.embedded.tomcat.TomcatWebServer [main] Tomcat started on port(s): 9999 (http) with context path ''
2023-09-14 17:03:57,577 INFO org.springframework.boot.StartupInfoLogger [main] Started StartApplication in 6.383 seconds (process running for 6.908)
2023-09-14 17:04:10,850 INFO org.apache.juli.logging.DirectJDKLog [http-nio-9999-exec-2] Initializing Spring DispatcherServlet 'dispatcherServlet'
2023-09-14 17:04:10,850 INFO org.springframework.web.servlet.FrameworkServlet [http-nio-9999-exec-2] Initializing Servlet 'dispatcherServlet'
2023-09-14 17:04:10,851 INFO org.springframework.web.servlet.FrameworkServlet [http-nio-9999-exec-2] Completed initialization in 1 ms
2023-09-14 17:04:11,060 INFO com.melitaltd.services.OrderService [http-nio-9999-exec-2] Sending message: Order(id=cd45231d-ac77-457f-9b77-be14e1b4c46c)
2023-09-14 17:04:11,094 INFO org.springframework.amqp.rabbit.connection.AbstractConnectionFactory [http-nio-9999-exec-2] Attempting to connect to: [localhost:5672]
2023-09-14 17:04:11,157 INFO org.springframework.amqp.rabbit.connection.AbstractConnectionFactory [http-nio-9999-exec-2] Created new connection: rabbitConnectionFactory#4d93f75b:0/SimpleConnection@4dac3652 [delegate=amqp://guest@127.0.0.1:5672/, localPort=55841]
2023-09-14 17:04:14,068 INFO com.melitaltd.services.OrderService [http-nio-9999-exec-3] Sending message: Order(id=8f30ff48-9654-4fed-8a72-80a07883c94e)
